<?xml version="1.0" encoding="UTF-8"?>
<testsuite name="Cucumber" time="25.441" tests="1" skipped="0" failures="1" errors="0">
<testcase classname="US1010 WebUniversity Testi" name="TC14 Webuniversity sayfasinda istenen gorevleri yapar" time="25.148">
<failure type="org.openqa.selenium.UnhandledAlertException" message="unexpected alert open: {Alert text : validation failed}
  (Session info: MicrosoftEdge=110.0.1587.69): validation failed
Build info: version: '4.8.0', revision: '267030adea'
System info: os.name: 'Windows 10', os.arch: 'amd64', os.version: '10.0', java.version: '19.0.2'
Driver info: org.openqa.selenium.edge.EdgeDriver
Command: [cf18d5dfc83678727b70e21e50e0ce07, maximizeCurrentWindow {}]
Capabilities {acceptInsecureCerts: false, browserName: msedge, browserVersion: 110.0.1587.69, ms:edgeOptions: {debuggerAddress: localhost:52024}, msedge: {msedgedriverVersion: 110.0.1587.69 (f970cc122bfe..., userDataDir: C:\Users\Lenovo\AppData\Loc...}, networkConnectionEnabled: false, pageLoadStrategy: normal, platformName: WINDOWS, proxy: Proxy(), se:cdp: ws://localhost:52024/devtoo..., se:cdpVersion: 110.0.1587.69, setWindowRect: true, strictFileInteractability: false, timeouts: {implicit: 0, pageLoad: 300000, script: 30000}, unhandledPromptBehavior: dismiss and notify, webauthn:extension:credBlob: true, webauthn:extension:largeBlob: true, webauthn:virtualAuthenticators: true}
Session ID: cf18d5dfc83678727b70e21e50e0ce07">
<![CDATA[org.openqa.selenium.UnhandledAlertException: unexpected alert open: {Alert text : validation failed}
  (Session info: MicrosoftEdge=110.0.1587.69): validation failed
Build info: version: '4.8.0', revision: '267030adea'
System info: os.name: 'Windows 10', os.arch: 'amd64', os.version: '10.0', java.version: '19.0.2'
Driver info: org.openqa.selenium.edge.EdgeDriver
Command: [cf18d5dfc83678727b70e21e50e0ce07, maximizeCurrentWindow {}]
Capabilities {acceptInsecureCerts: false, browserName: msedge, browserVersion: 110.0.1587.69, ms:edgeOptions: {debuggerAddress: localhost:52024}, msedge: {msedgedriverVersion: 110.0.1587.69 (f970cc122bfe..., userDataDir: C:\Users\Lenovo\AppData\Loc...}, networkConnectionEnabled: false, pageLoadStrategy: normal, platformName: WINDOWS, proxy: Proxy(), se:cdp: ws://localhost:52024/devtoo..., se:cdpVersion: 110.0.1587.69, setWindowRect: true, strictFileInteractability: false, timeouts: {implicit: 0, pageLoad: 300000, script: 30000}, unhandledPromptBehavior: dismiss and notify, webauthn:extension:credBlob: true, webauthn:extension:largeBlob: true, webauthn:virtualAuthenticators: true}
Session ID: cf18d5dfc83678727b70e21e50e0ce07
	at org.openqa.selenium.remote.codec.w3c.W3CHttpResponseCodec.decode(W3CHttpResponseCodec.java:131)
	at org.openqa.selenium.remote.codec.w3c.W3CHttpResponseCodec.decode(W3CHttpResponseCodec.java:53)
	at org.openqa.selenium.remote.HttpCommandExecutor.execute(HttpCommandExecutor.java:184)
	at org.openqa.selenium.remote.service.DriverCommandExecutor.invokeExecute(DriverCommandExecutor.java:167)
	at org.openqa.selenium.remote.service.DriverCommandExecutor.execute(DriverCommandExecutor.java:142)
	at org.openqa.selenium.remote.RemoteWebDriver.execute(RemoteWebDriver.java:543)
	at org.openqa.selenium.remote.RemoteWebDriver.execute(RemoteWebDriver.java:598)
	at org.openqa.selenium.remote.RemoteWebDriver.execute(RemoteWebDriver.java:602)
	at org.openqa.selenium.remote.RemoteWebDriver$RemoteWebDriverOptions$RemoteWindow.maximize(RemoteWebDriver.java:954)
	at utilities.Driver.getDriver(Driver.java:54)
	at stepdefinitions.WebUniversityStepDefinitions.popup_ta_cikan_yazinin_validation_failed_oldugunu_test_eder(WebUniversityStepDefinitions.java:44)
	at âœ½.Popup'ta cikan yazinin validation failed oldugunu test eder(file:///C:/Users/Lenovo/IdeaProjects/com.team108_Cucumber/src/test/resources/features/US1010_WebuniversityTest.feature:16)
]]>
</failure>
<system-out><![CDATA[
Given kullanici "webUrl" anasayfaya gider...................................passed
Then Login Portal gorununceye kadar asagi iner..............................passed
And 2 saniye bekler.........................................................passed
And Login Portal butonuna tiklar............................................passed
And acilan ikinci window'a gecer............................................passed
And Username kutusuna deger yazdirir........................................passed
And Password kutusuna deger yazdirir........................................passed
And 4 saniye bekler.........................................................passed
Then webUniversity login butonuna basar.....................................passed
And Popup'ta cikan yazinin validation failed oldugunu test eder.............failed
And Ok diyerek Popup'i kapatir..............................................skipped
Then Ilk sayfaya geri doner.................................................skipped
And Ilk sayfaya donuldugunu test eder.......................................skipped
And tum sayfalari kapatir...................................................skipped
]]></system-out>
</testcase>
</testsuite>
